#
# A fatal error has been detected by the Java Runtime Environment:
#
#  EXCEPTION_ACCESS_VIOLATION (0xc0000005) at pc=0x000000005fc0c9ae, pid=3508, tid=0x0000000000001690
#
# JRE version: OpenJDK Runtime Environment (8.0_152-b01) (build 1.8.0_152-release-1248-b01)
# Java VM: OpenJDK 64-Bit Server VM (25.152-b01 mixed mode windows-amd64 compressed oops)
# Problematic frame:
# V  [jvm.dll+0x41c9ae]
#
# Failed to write core dump. Minidumps are not enabled by default on client versions of Windows
#
# If you would like to submit a bug report, please visit:
#   http://bugreport.java.com/bugreport/crash.jsp
#

---------------  T H R E A D  ---------------

Current thread (0x0000000057cc2800):  JavaThread "C2 CompilerThread1" daemon [_thread_in_native, id=5776, stack(0x0000000058180000,0x0000000058280000)]

siginfo: ExceptionCode=0xc0000005, writing address 0x000000006447d730

Registers:
RAX=0x000000005c47d728, RBX=0x000000005c47d6b0, RCX=0x0000000001000001, RDX=0x0000000001000001
RSP=0x000000005827bf60, RBP=0x000000005974e318, RSI=0x000000005dc69d08, RDI=0x000000005974e318
R8 =0x000000006084aea8, R9 =0x0000000000000001, R10=0x000000005974e370, R11=0x0000000000000000
R12=0x00000000638b3af0, R13=0x0000000069d9bdf0, R14=0x000000005827c580, R15=0x0000000000000001
RIP=0x000000005fc0c9ae, EFLAGS=0x0000000000010212

Top of Stack: (sp=0x000000005827bf60)
0x000000005827bf60:   0000000069d9be28 000000005dc69d08
0x000000005827bf70:   000000005c47d6b0 00000000592033d8
0x000000005827bf80:   000000005c47d6b0 000000005fcccd05
0x000000005827bf90:   000000006084aea8 0000000000000001
0x000000005827bfa0:   000000006084aea8 000000005876c260
0x000000005827bfb0:   00000000638bcb20 00000000638bcae0
0x000000005827bfc0:   0000000000000000 00000000638b3b30
0x000000005827bfd0:   00000000638b3af0 000000005a00bca8
0x000000005827bfe0:   00000000000000b8 000000005fccd195
0x000000005827bff0:   000000005974e318 0000000000000017
0x000000005827c000:   0000000000000002 000000005fccc7cc
0x000000005827c010:   000000005876c110 00000000638b3b30
0x000000005827c020:   00000000638b3af0 0000000060d43ff0
0x000000005827c030:   00000000000000d3 0000000000000001
0x000000005827c040:   0000000000000000 000000005a00bca8
0x000000005827c050:   0000000000000002 00000000638b3af0 

Instructions: (pc=0x000000005fc0c9ae)
0x000000005fc0c98e:   74 25 48 83 7b 10 00 74 1e 8b 53 20 3b 53 24 75
0x000000005fc0c99e:   08 48 8b cb e8 d9 53 0a 00 8b 4b 20 48 8b 43 10
0x000000005fc0c9ae:   48 89 3c c8 ff 43 20 48 8b 5c 24 30 48 83 c4 20
0x000000005fc0c9be:   5f c3 48 89 5c 24 08 57 48 83 ec 20 48 8b 41 08 


Register to memory mapping:

RAX=0x000000005c47d728 is an unknown value
RBX=0x000000005c47d6b0 is an unknown value
RCX=0x0000000001000001 is an unknown value
RDX=0x0000000001000001 is an unknown value
RSP=0x000000005827bf60 is pointing into the stack for thread: 0x0000000057cc2800
RBP=0x000000005974e318 is an unknown value
RSI=0x000000005dc69d08 is an unknown value
RDI=0x000000005974e318 is an unknown value
R8 =0x000000006084aea8 is an unknown value
R9 =0x0000000000000001 is an unknown value
R10=0x000000005974e370 is an unknown value
R11=0x0000000000000000 is an unknown value
R12=0x00000000638b3af0 is an unknown value
R13=0x0000000069d9bdf0 is an unknown value
R14=0x000000005827c580 is pointing into the stack for thread: 0x0000000057cc2800
R15=0x0000000000000001 is an unknown value


Stack: [0x0000000058180000,0x0000000058280000],  sp=0x000000005827bf60,  free space=1007k
Native frames: (J=compiled Java code, j=interpreted, Vv=VM code, C=native code)
V  [jvm.dll+0x41c9ae]
V  [jvm.dll+0x4dcd05]
V  [jvm.dll+0x4dd195]
V  [jvm.dll+0x4de4c5]
V  [jvm.dll+0x434e63]
V  [jvm.dll+0x43f99b]
V  [jvm.dll+0x44226e]
V  [jvm.dll+0x4252c2]
V  [jvm.dll+0x813d8]
V  [jvm.dll+0x81d0f]
V  [jvm.dll+0x21d41f]
V  [jvm.dll+0x26d9aa]
C  [msvcr100.dll+0x21d9f]
C  [msvcr100.dll+0x21e3b]
C  [kernel32.dll+0x1555d]
C  [ntdll.dll+0x5385d]


Current CompileTask:
C2:1031496 22489  s    4       java.lang.reflect.Field::declaredAnnotations (59 bytes)


---------------  P R O C E S S  ---------------

Java Threads: ( => current thread )
  0x000000005ac4f800 JavaThread "Cache worker for Build Output Cleanup Cache (D:\FriendTracer\.gradle\buildOutputCleanup)" [_thread_blocked, id=8108, stack(0x0000000069770000,0x0000000069870000)]
  0x000000005ac5d000 JavaThread "Cache worker for task history cache (D:\FriendTracer\.gradle\4.10.1\taskHistory)" [_thread_blocked, id=7456, stack(0x000000005e120000,0x000000005e220000)]
  0x000000005ac58000 JavaThread "Task worker for ':' Thread 3" [_thread_in_native, id=2448, stack(0x0000000067090000,0x0000000067190000)]
  0x000000005ac5e800 JavaThread "Task worker for ':' Thread 2" [_thread_blocked, id=2136, stack(0x0000000066330000,0x0000000066430000)]
  0x000000005ac56800 JavaThread "Task worker for ':'" [_thread_blocked, id=3828, stack(0x00000000661b0000,0x00000000662b0000)]
  0x00000000596b5800 JavaThread "pool-12-thread-1" [_thread_blocked, id=7360, stack(0x0000000065880000,0x0000000065980000)]
  0x00000000596bb000 JavaThread "Build operations Thread 4" [_thread_blocked, id=8096, stack(0x00000000660b0000,0x00000000661b0000)]
  0x00000000596ba000 JavaThread "Build operations Thread 3" [_thread_blocked, id=7984, stack(0x0000000064740000,0x0000000064840000)]
  0x00000000596b9800 JavaThread "Build operations Thread 2" [_thread_blocked, id=4140, stack(0x00000000653f0000,0x00000000654f0000)]
  0x00000000596bb800 JavaThread "Build operations" [_thread_blocked, id=5616, stack(0x00000000645b0000,0x00000000646b0000)]
  0x00000000596b8000 JavaThread "Cache worker for cache directory md-rule (C:\Users\Sanjeev\.gradle\caches\4.10.1\md-rule)" [_thread_blocked, id=5868, stack(0x000000005b350000,0x000000005b450000)]
  0x000000005ddba000 JavaThread "Cache worker for cache directory md-supplier (C:\Users\Sanjeev\.gradle\caches\4.10.1\md-supplier)" [_thread_blocked, id=1784, stack(0x000000005bc60000,0x000000005bd60000)]
  0x000000005ddb6800 JavaThread "Cache worker for file hash cache (D:\FriendTracer\.gradle\4.10.1\fileHashes)" [_thread_blocked, id=4176, stack(0x0000000064460000,0x0000000064560000)]
  0x000000005ddb5800 JavaThread "Stdin handler" [_thread_blocked, id=4124, stack(0x0000000064320000,0x0000000064420000)]
  0x000000005ddb8000 JavaThread "Asynchronous log dispatcher for DefaultDaemonConnection: socket connection from /127.0.0.1:49534 to /127.0.0.1:49707" [_thread_blocked, id=8184, stack(0x0000000061210000,0x0000000061310000)]
  0x000000005ddbb000 JavaThread "Cancel handler" [_thread_blocked, id=6792, stack(0x000000005ebc0000,0x000000005ecc0000)]
  0x000000005ddb7000 JavaThread "Handler for socket connection from /127.0.0.1:49534 to /127.0.0.1:49707" [_thread_in_native, id=5856, stack(0x000000005b7e0000,0x000000005b8e0000)]
  0x000000005ac57000 JavaThread "Daemon worker Thread 4" [_thread_blocked, id=4984, stack(0x000000005ef80000,0x000000005f080000)]
  0x000000005ac59800 JavaThread "Daemon Thread 4" [_thread_blocked, id=2528, stack(0x000000005b450000,0x000000005b550000)]
  0x000000005a334800 JavaThread "Cache worker for Java compile cache (C:\Users\Sanjeev\.gradle\caches\4.10.1\javaCompile)" [_thread_blocked, id=7980, stack(0x00000000652d0000,0x00000000653d0000)]
  0x000000005a337800 JavaThread "MarlinRenderer Disposer" daemon [_thread_blocked, id=4276, stack(0x0000000065b20000,0x0000000065c20000)]
  0x000000005a337000 JavaThread "Java2D Disposer" daemon [_thread_blocked, id=5164, stack(0x00000000659a0000,0x0000000065aa0000)]
  0x00000000596b5000 JavaThread "Cache worker for file content cache (C:\Users\Sanjeev\.gradle\caches\4.10.1\fileContent)" [_thread_blocked, id=8020, stack(0x0000000064220000,0x0000000064320000)]
  0x000000005ac5b000 JavaThread "Memory manager" [_thread_blocked, id=6064, stack(0x000000005b0b0000,0x000000005b1b0000)]
  0x000000005ac55000 JavaThread "Cache worker for Artifact transforms cache (C:\Users\Sanjeev\.gradle\caches\transforms-1)" [_thread_blocked, id=8172, stack(0x000000005f120000,0x000000005f220000)]
  0x000000005ac50800 JavaThread "Cache worker for journal cache (C:\Users\Sanjeev\.gradle\caches\journal-1)" [_thread_blocked, id=8028, stack(0x000000005e230000,0x000000005e330000)]
  0x000000005a6f1000 JavaThread "File lock request listener" [_thread_in_native, id=5508, stack(0x000000005d030000,0x000000005d130000)]
  0x000000005a86b800 JavaThread "Cache worker for file hash cache (C:\Users\Sanjeev\.gradle\caches\4.10.1\fileHashes)" [_thread_blocked, id=7320, stack(0x000000005bb50000,0x000000005bc50000)]
  0x00000000592f4000 JavaThread "Daemon periodic checks" [_thread_blocked, id=5664, stack(0x000000005b1c0000,0x000000005b2c0000)]
  0x00000000592f0800 JavaThread "Incoming local TCP Connector on port 49534" [_thread_in_native, id=7908, stack(0x0000000058c30000,0x0000000058d30000)]
  0x0000000057d2f800 JavaThread "Service Thread" daemon [_thread_blocked, id=3748, stack(0x0000000057940000,0x0000000057a40000)]
  0x0000000057cc3800 JavaThread "C1 CompilerThread2" daemon [_thread_blocked, id=5448, stack(0x00000000576a0000,0x00000000577a0000)]
=>0x0000000057cc2800 JavaThread "C2 CompilerThread1" daemon [_thread_in_native, id=5776, stack(0x0000000058180000,0x0000000058280000)]
  0x0000000056353800 JavaThread "C2 CompilerThread0" daemon [_thread_blocked, id=6156, stack(0x0000000057bc0000,0x0000000057cc0000)]
  0x000000005634f800 JavaThread "Attach Listener" daemon [_thread_blocked, id=3984, stack(0x0000000057a40000,0x0000000057b40000)]
  0x000000005635e000 JavaThread "Signal Dispatcher" daemon [_thread_blocked, id=5436, stack(0x0000000057810000,0x0000000057910000)]
  0x0000000056338800 JavaThread "Finalizer" daemon [_thread_blocked, id=5680, stack(0x0000000057580000,0x0000000057680000)]
  0x00000000562f1000 JavaThread "Reference Handler" daemon [_thread_blocked, id=4760, stack(0x0000000057270000,0x0000000057370000)]
  0x000000000221e800 JavaThread "main" [_thread_blocked, id=628, stack(0x0000000002320000,0x0000000002420000)]

Other Threads:
  0x00000000562e9800 VMThread [stack: 0x00000000573b0000,0x00000000574b0000] [id=700]
  0x0000000057d30800 WatcherThread [stack: 0x0000000058330000,0x0000000058430000] [id=7896]

VM state:not at safepoint (normal execution)

VM Mutex/Monitor currently owned by a thread: None

Heap:
 PSYoungGen      total 448000K, used 348452K [0x00000000e0000000, 0x00000000ffe80000, 0x0000000100000000)
  eden space 380928K, 86% used [0x00000000e0000000,0x00000000f4120380,0x00000000f7400000)
  from space 67072K, 29% used [0x00000000f7400000,0x00000000f8728f20,0x00000000fb580000)
  to   space 65024K, 0% used [0x00000000fbf00000,0x00000000fbf00000,0x00000000ffe80000)
 ParOldGen       total 322048K, used 239331K [0x00000000a0000000, 0x00000000b3a80000, 0x00000000e0000000)
  object space 322048K, 74% used [0x00000000a0000000,0x00000000ae9b8c28,0x00000000b3a80000)
 Metaspace       used 111492K, capacity 116386K, committed 116480K, reserved 1150976K
  class space    used 14092K, capacity 15081K, committed 15104K, reserved 1048576K

Card table byte_map: [0x0000000011ab0000,0x0000000011dc0000] byte_map_base: 0x00000000115b0000

Marking Bits: (ParMarkBitMap*) 0x000000005ffb5aa0
 Begin Bits: [0x0000000012660000, 0x0000000013e60000)
 End Bits:   [0x0000000013e60000, 0x0000000015660000)

Polling page: 0x0000000000430000

CodeCache: size=245760Kb used=60133Kb max_used=60191Kb free=185626Kb
 bounds [0x00000000026f0000, 0x0000000006210000, 0x00000000116f0000]
 total_blobs=18584 nmethods=17595 adapters=900
 compilation: enabled

Compilation events (10 events):
Event: 1030.180 Thread 0x0000000057cc3800 22508       3       java.io.File::listFiles (52 bytes)
Event: 1030.181 Thread 0x0000000057cc3800 nmethod 22508 0x0000000002b1ac10 code [0x0000000002b1ade0, 0x0000000002b1b5d8]
Event: 1030.183 Thread 0x0000000057cc3800 22506       1       org.gradle.internal.nativeintegration.filesystem.jdk7.Jdk7Symlink::isSymlinkSupported (5 bytes)
Event: 1030.184 Thread 0x0000000057cc3800 nmethod 22506 0x0000000002b23090 code [0x0000000002b231e0, 0x0000000002b232f0]
Event: 1030.186 Thread 0x0000000057cc3800 22507       1       org.gradle.api.internal.file.delete.DefaultDeleteSpec::isFollowSymlinks (5 bytes)
Event: 1030.186 Thread 0x0000000057cc3800 nmethod 22507 0x0000000002b09990 code [0x0000000002b09ae0, 0x0000000002b09bf0]
Event: 1030.243 Thread 0x0000000057cc3800 22509       3       org.gradle.api.internal.file.delete.Deleter::doDeleteInternal (97 bytes)
Event: 1030.245 Thread 0x0000000057cc3800 nmethod 22509 0x00000000028e0410 code [0x00000000028e06a0, 0x00000000028e1668]
Event: 1030.443 Thread 0x0000000057cc3800 22510       3       org.gradle.internal.nativeintegration.filesystem.jdk7.Jdk7Symlink::isSymlink (17 bytes)
Event: 1030.444 Thread 0x0000000057cc3800 nmethod 22510 0x00000000033d8190 code [0x00000000033d8380, 0x00000000033d8c58]

GC Heap History (10 events):
Event: 284.087 GC heap before
{Heap before GC invocations=37 (full 4):
 PSYoungGen      total 406016K, used 391537K [0x00000000e0000000, 0x00000000fe100000, 0x0000000100000000)
  eden space 336384K, 100% used [0x00000000e0000000,0x00000000f4880000,0x00000000f4880000)
  from space 69632K, 79% used [0x00000000f9180000,0x00000000fc75c718,0x00000000fd580000)
  to   space 74752K, 0% used [0x00000000f4880000,0x00000000f4880000,0x00000000f9180000)
 ParOldGen       total 322048K, used 206531K [0x00000000a0000000, 0x00000000b3a80000, 0x00000000e0000000)
  object space 322048K, 64% used [0x00000000a0000000,0x00000000ac9b0d80,0x00000000b3a80000)
 Metaspace       used 90363K, capacity 93818K, committed 93952K, reserved 1130496K
  class space    used 11418K, capacity 12184K, committed 12288K, reserved 1048576K
Event: 284.140 GC heap after
Heap after GC invocations=37 (full 4):
 PSYoungGen      total 411136K, used 36060K [0x00000000e0000000, 0x00000000fff00000, 0x0000000100000000)
  eden space 336384K, 0% used [0x00000000e0000000,0x00000000e0000000,0x00000000f4880000)
  from space 74752K, 48% used [0x00000000f4880000,0x00000000f6bb70c0,0x00000000f9180000)
  to   space 71680K, 0% used [0x00000000fb900000,0x00000000fb900000,0x00000000fff00000)
 ParOldGen       total 322048K, used 206539K [0x00000000a0000000, 0x00000000b3a80000, 0x00000000e0000000)
  object space 322048K, 64% used [0x00000000a0000000,0x00000000ac9b2d80,0x00000000b3a80000)
 Metaspace       used 90363K, capacity 93818K, committed 93952K, reserved 1130496K
  class space    used 11418K, capacity 12184K, committed 12288K, reserved 1048576K
}
Event: 284.204 GC heap before
{Heap before GC invocations=38 (full 4):
 PSYoungGen      total 411136K, used 371578K [0x00000000e0000000, 0x00000000fff00000, 0x0000000100000000)
  eden space 336384K, 99% used [0x00000000e0000000,0x00000000f47a7890,0x00000000f4880000)
  from space 74752K, 48% used [0x00000000f4880000,0x00000000f6bb70c0,0x00000000f9180000)
  to   space 71680K, 0% used [0x00000000fb900000,0x00000000fb900000,0x00000000fff00000)
 ParOldGen       total 322048K, used 206539K [0x00000000a0000000, 0x00000000b3a80000, 0x00000000e0000000)
  object space 322048K, 64% used [0x00000000a0000000,0x00000000ac9b2d80,0x00000000b3a80000)
 Metaspace       used 90367K, capacity 93818K, committed 93952K, reserved 1130496K
  class space    used 11418K, capacity 12184K, committed 12288K, reserved 1048576K
Event: 284.251 GC heap after
Heap after GC invocations=38 (full 4):
 PSYoungGen      total 449536K, used 4531K [0x00000000e0000000, 0x00000000fff00000, 0x0000000100000000)
  eden space 377856K, 0% used [0x00000000e0000000,0x00000000e0000000,0x00000000f7100000)
  from space 71680K, 6% used [0x00000000fb900000,0x00000000fbd6cd08,0x00000000fff00000)
  to   space 72704K, 0% used [0x00000000f7100000,0x00000000f7100000,0x00000000fb800000)
 ParOldGen       total 322048K, used 228040K [0x00000000a0000000, 0x00000000b3a80000, 0x00000000e0000000)
  object space 322048K, 70% used [0x00000000a0000000,0x00000000adeb21d8,0x00000000b3a80000)
 Metaspace       used 90367K, capacity 93818K, committed 93952K, reserved 1130496K
  class space    used 11418K, capacity 12184K, committed 12288K, reserved 1048576K
}
Event: 834.109 GC heap before
{Heap before GC invocations=39 (full 4):
 PSYoungGen      total 449536K, used 382387K [0x00000000e0000000, 0x00000000fff00000, 0x0000000100000000)
  eden space 377856K, 100% used [0x00000000e0000000,0x00000000f7100000,0x00000000f7100000)
  from space 71680K, 6% used [0x00000000fb900000,0x00000000fbd6cd08,0x00000000fff00000)
  to   space 72704K, 0% used [0x00000000f7100000,0x00000000f7100000,0x00000000fb800000)
 ParOldGen       total 322048K, used 228040K [0x00000000a0000000, 0x00000000b3a80000, 0x00000000e0000000)
  object space 322048K, 70% used [0x00000000a0000000,0x00000000adeb21d8,0x00000000b3a80000)
 Metaspace       used 98620K, capacity 102486K, committed 102784K, reserved 1138688K
  class space    used 12480K, capacity 13339K, committed 13440K, reserved 1048576K
Event: 834.142 GC heap after
Heap after GC invocations=39 (full 4):
 PSYoungGen      total 450560K, used 19142K [0x00000000e0000000, 0x00000000ffd00000, 0x0000000100000000)
  eden space 377856K, 0% used [0x00000000e0000000,0x00000000e0000000,0x00000000f7100000)
  from space 72704K, 26% used [0x00000000f7100000,0x00000000f83b1800,0x00000000fb800000)
  to   space 70656K, 0% used [0x00000000fb800000,0x00000000fb800000,0x00000000ffd00000)
 ParOldGen       total 322048K, used 229233K [0x00000000a0000000, 0x00000000b3a80000, 0x00000000e0000000)
  object space 322048K, 71% used [0x00000000a0000000,0x00000000adfdc728,0x00000000b3a80000)
 Metaspace       used 98620K, capacity 102486K, committed 102784K, reserved 1138688K
  class space    used 12480K, capacity 13339K, committed 13440K, reserved 1048576K
}
Event: 860.929 GC heap before
{Heap before GC invocations=40 (full 4):
 PSYoungGen      total 450560K, used 396998K [0x00000000e0000000, 0x00000000ffd00000, 0x0000000100000000)
  eden space 377856K, 100% used [0x00000000e0000000,0x00000000f7100000,0x00000000f7100000)
  from space 72704K, 26% used [0x00000000f7100000,0x00000000f83b1800,0x00000000fb800000)
  to   space 70656K, 0% used [0x00000000fb800000,0x00000000fb800000,0x00000000ffd00000)
 ParOldGen       total 322048K, used 229233K [0x00000000a0000000, 0x00000000b3a80000, 0x00000000e0000000)
  object space 322048K, 71% used [0x00000000a0000000,0x00000000adfdc728,0x00000000b3a80000)
 Metaspace       used 105728K, capacity 110076K, committed 110208K, reserved 1144832K
  class space    used 13483K, capacity 14426K, committed 14464K, reserved 1048576K
Event: 860.966 GC heap after
Heap after GC invocations=40 (full 4):
 PSYoungGen      total 445440K, used 26595K [0x00000000e0000000, 0x00000000ff700000, 0x0000000100000000)
  eden space 380928K, 0% used [0x00000000e0000000,0x00000000e0000000,0x00000000f7400000)
  from space 64512K, 41% used [0x00000000fb800000,0x00000000fd1f8fc0,0x00000000ff700000)
  to   space 67072K, 0% used [0x00000000f7400000,0x00000000f7400000,0x00000000fb580000)
 ParOldGen       total 322048K, used 231263K [0x00000000a0000000, 0x00000000b3a80000, 0x00000000e0000000)
  object space 322048K, 71% used [0x00000000a0000000,0x00000000ae1d7e68,0x00000000b3a80000)
 Metaspace       used 105728K, capacity 110076K, committed 110208K, reserved 1144832K
  class space    used 13483K, capacity 14426K, committed 14464K, reserved 1048576K
}
Event: 966.486 GC heap before
{Heap before GC invocations=41 (full 4):
 PSYoungGen      total 445440K, used 407523K [0x00000000e0000000, 0x00000000ff700000, 0x0000000100000000)
  eden space 380928K, 100% used [0x00000000e0000000,0x00000000f7400000,0x00000000f7400000)
  from space 64512K, 41% used [0x00000000fb800000,0x00000000fd1f8fc0,0x00000000ff700000)
  to   space 67072K, 0% used [0x00000000f7400000,0x00000000f7400000,0x00000000fb580000)
 ParOldGen       total 322048K, used 231263K [0x00000000a0000000, 0x00000000b3a80000, 0x00000000e0000000)
  object space 322048K, 71% used [0x00000000a0000000,0x00000000ae1d7e68,0x00000000b3a80000)
 Metaspace       used 110984K, capacity 115818K, committed 115968K, reserved 1150976K
  class space    used 14048K, capacity 15051K, committed 15104K, reserved 1048576K
Event: 966.548 GC heap after
Heap after GC invocations=41 (full 4):
 PSYoungGen      total 448000K, used 19619K [0x00000000e0000000, 0x00000000ffe80000, 0x0000000100000000)
  eden space 380928K, 0% used [0x00000000e0000000,0x00000000e0000000,0x00000000f7400000)
  from space 67072K, 29% used [0x00000000f7400000,0x00000000f8728f20,0x00000000fb580000)
  to   space 65024K, 0% used [0x00000000fbf00000,0x00000000fbf00000,0x00000000ffe80000)
 ParOldGen       total 322048K, used 239331K [0x00000000a0000000, 0x00000000b3a80000, 0x00000000e0000000)
  object space 322048K, 74% used [0x00000000a0000000,0x00000000ae9b8c28,0x00000000b3a80000)
 Metaspace       used 110984K, capacity 115818K, committed 115968K, reserved 1150976K
  class space    used 14048K, capacity 15051K, committed 15104K, reserved 1048576K
}

Deoptimization events (10 events):
Event: 992.500 Thread 0x000000005ac57000 Uncommon trap: reason=unstable_if action=reinterpret pc=0x000000000359242c method=org.gradle.tooling.internal.provider.runner.ClientForwardingBuildOperationListener.adaptResult(Lorg/gradle/internal/operations/OperationFinishEvent;)Lorg/gradle/tooling/inte
Event: 992.563 Thread 0x000000005ac59800 Uncommon trap: reason=class_check action=maybe_recompile pc=0x0000000004089e8c method=java.io.ObjectOutputStream.writeObject0(Ljava/lang/Object;Z)V @ 240
Event: 992.565 Thread 0x000000005ac59800 Uncommon trap: reason=class_check action=maybe_recompile pc=0x0000000004089e8c method=java.io.ObjectOutputStream.writeObject0(Ljava/lang/Object;Z)V @ 240
Event: 992.568 Thread 0x000000005ac59800 Uncommon trap: reason=class_check action=maybe_recompile pc=0x0000000004089e8c method=java.io.ObjectOutputStream.writeObject0(Ljava/lang/Object;Z)V @ 240
Event: 992.569 Thread 0x000000005ac59800 Uncommon trap: reason=class_check action=maybe_recompile pc=0x0000000004089e8c method=java.io.ObjectOutputStream.writeObject0(Ljava/lang/Object;Z)V @ 240
Event: 992.600 Thread 0x000000005ac59800 Uncommon trap: reason=unstable_if action=reinterpret pc=0x0000000003f33958 method=java.io.ObjectOutputStream$BlockDataOutputStream.writeLong(J)V @ 10
Event: 1029.932 Thread 0x000000005ac57000 Uncommon trap: reason=unstable_if action=reinterpret pc=0x0000000005a628d0 method=java.util.regex.Pattern.range(Ljava/util/regex/Pattern$BitClass;)Ljava/util/regex/Pattern$CharProperty; @ 19
Event: 1029.939 Thread 0x000000005ac57000 Uncommon trap: reason=unstable_if action=reinterpret pc=0x000000000288f078 method=java.util.regex.Pattern.sequence(Ljava/util/regex/Pattern$Node;)Ljava/util/regex/Pattern$Node; @ 144
Event: 1030.000 Thread 0x000000005ac58000 Uncommon trap: reason=unstable_if action=reinterpret pc=0x0000000003dad404 method=java.io.WinNTFileSystem.resolve(Ljava/lang/String;Ljava/lang/String;)Ljava/lang/String; @ 36
Event: 1030.033 Thread 0x000000005ac58000 Uncommon trap: reason=unstable_if action=reinterpret pc=0x00000000029862d8 method=java.io.WinNTFileSystem.resolve(Ljava/lang/String;Ljava/lang/String;)Ljava/lang/String; @ 36

Classes redefined (0 events):
No events

Internal exceptions (10 events):
Event: 1029.741 Thread 0x000000005ac57000 Exception <a 'sun/nio/fs/WindowsException'> (0x00000000f36bb590) thrown at [D:\src\AOSP-openjdk-cygwin\jdk8u\hotspot\src\share\vm\prims\jni.cpp, line 709]
Event: 1029.741 Thread 0x000000005ac57000 Exception <a 'sun/nio/fs/WindowsException'> (0x00000000f36bc0b8) thrown at [D:\src\AOSP-openjdk-cygwin\jdk8u\hotspot\src\share\vm\prims\jni.cpp, line 709]
Event: 1029.741 Thread 0x000000005ac57000 Exception <a 'sun/nio/fs/WindowsException'> (0x00000000f36be768) thrown at [D:\src\AOSP-openjdk-cygwin\jdk8u\hotspot\src\share\vm\prims\jni.cpp, line 709]
Event: 1029.741 Thread 0x000000005ac57000 Exception <a 'sun/nio/fs/WindowsException'> (0x00000000f36bf250) thrown at [D:\src\AOSP-openjdk-cygwin\jdk8u\hotspot\src\share\vm\prims\jni.cpp, line 709]
Event: 1029.741 Thread 0x000000005ac57000 Exception <a 'sun/nio/fs/WindowsException'> (0x00000000f36c1270) thrown at [D:\src\AOSP-openjdk-cygwin\jdk8u\hotspot\src\share\vm\prims\jni.cpp, line 709]
Event: 1029.742 Thread 0x000000005ac57000 Exception <a 'sun/nio/fs/WindowsException'> (0x00000000f36c1d78) thrown at [D:\src\AOSP-openjdk-cygwin\jdk8u\hotspot\src\share\vm\prims\jni.cpp, line 709]
Event: 1029.742 Thread 0x000000005ac57000 Exception <a 'sun/nio/fs/WindowsException'> (0x00000000f36c6710) thrown at [D:\src\AOSP-openjdk-cygwin\jdk8u\hotspot\src\share\vm\prims\jni.cpp, line 709]
Event: 1029.742 Thread 0x000000005ac57000 Exception <a 'sun/nio/fs/WindowsException'> (0x00000000f36c7228) thrown at [D:\src\AOSP-openjdk-cygwin\jdk8u\hotspot\src\share\vm\prims\jni.cpp, line 709]
Event: 1029.742 Thread 0x000000005ac57000 Exception <a 'sun/nio/fs/WindowsException'> (0x00000000f36c92c0) thrown at [D:\src\AOSP-openjdk-cygwin\jdk8u\hotspot\src\share\vm\prims\jni.cpp, line 709]
Event: 1029.742 Thread 0x000000005ac57000 Exception <a 'sun/nio/fs/WindowsException'> (0x00000000f36c9de8) thrown at [D:\src\AOSP-openjdk-cygwin\jdk8u\hotspot\src\share\vm\prims\jni.cpp, line 709]

Events (10 events):
Event: 1030.178 Thread 0x0000000057cc3800 flushing nmethod 0x00000000033d7850
Event: 1030.183 Thread 0x0000000057cc3800 flushing nmethod 0x000000000396da10
Event: 1030.184 Thread 0x0000000057cc3800 flushing nmethod 0x0000000003a212d0
Event: 1030.184 Thread 0x0000000057cc3800 flushing nmethod 0x0000000003a26950
Event: 1030.184 Thread 0x0000000057cc3800 flushing nmethod 0x0000000003a2bd50
Event: 1030.185 Thread 0x0000000057cc3800 flushing nmethod 0x0000000003bb9910
Event: 1030.186 Thread 0x0000000057cc3800 flushing nmethod 0x0000000003c18790
Event: 1030.186 Thread 0x0000000057cc3800 flushing nmethod 0x0000000003caa2d0
Event: 1030.186 Thread 0x0000000057cc3800 flushing nmethod 0x0000000003cbccd0
Event: 1030.444 Thread 0x0000000057cc3800 flushing nmethod 0x00000000044e6b90


Dynamic libraries:
0x000000013fad0000 - 0x000000013fb01000 	C:\Program Files\Android\Android Studio\jre\bin\java.exe
0x00000000777f0000 - 0x000000007798f000 	C:\Windows\SYSTEM32\ntdll.dll
0x00000000776d0000 - 0x00000000777ef000 	C:\Windows\system32\kernel32.dll
0x000007fefd4f0000 - 0x000007fefd55a000 	C:\Windows\system32\KERNELBASE.dll
0x000007fefec40000 - 0x000007fefed1b000 	C:\Windows\system32\ADVAPI32.dll
0x000007fefe630000 - 0x000007fefe6cf000 	C:\Windows\system32\msvcrt.dll
0x000007fefe9a0000 - 0x000007fefe9bf000 	C:\Windows\SYSTEM32\sechost.dll
0x000007fefed20000 - 0x000007fefee4c000 	C:\Windows\system32\RPCRT4.dll
0x00000000775d0000 - 0x00000000776ca000 	C:\Windows\system32\USER32.dll
0x000007fefd700000 - 0x000007fefd767000 	C:\Windows\system32\GDI32.dll
0x000007fefd890000 - 0x000007fefd89e000 	C:\Windows\system32\LPK.dll
0x000007fefea60000 - 0x000007fefeb2b000 	C:\Windows\system32\USP10.dll
0x000007fefbc40000 - 0x000007fefbe35000 	C:\Windows\WinSxS\amd64_microsoft.windows.common-controls_6595b64144ccf1df_6.0.7601.24380_none_e3731d0b30fb6b11\COMCTL32.dll
0x000007fefd770000 - 0x000007fefd7e1000 	C:\Windows\system32\SHLWAPI.dll
0x000007fefe960000 - 0x000007fefe98e000 	C:\Windows\system32\IMM32.DLL
0x000007fefeb30000 - 0x000007fefec39000 	C:\Windows\system32\MSCTF.dll
0x0000000074340000 - 0x0000000074412000 	C:\Program Files\Android\Android Studio\jre\jre\bin\msvcr100.dll
0x000000005f7f0000 - 0x0000000060031000 	C:\Program Files\Android\Android Studio\jre\jre\bin\server\jvm.dll
0x000007fef1ee0000 - 0x000007fef1ee9000 	C:\Windows\system32\WSOCK32.dll
0x000007fefe8b0000 - 0x000007fefe8fd000 	C:\Windows\system32\WS2_32.dll
0x000007fefe990000 - 0x000007fefe998000 	C:\Windows\system32\NSI.dll
0x000007fef9c50000 - 0x000007fef9c8b000 	C:\Windows\system32\WINMM.dll
0x000007fefc420000 - 0x000007fefc42c000 	C:\Windows\system32\VERSION.dll
0x00000000779a0000 - 0x00000000779a7000 	C:\Windows\system32\PSAPI.DLL
0x000007fef28a0000 - 0x000007fef28af000 	C:\Program Files\Android\Android Studio\jre\jre\bin\verify.dll
0x000007fef1e00000 - 0x000007fef1e29000 	C:\Program Files\Android\Android Studio\jre\jre\bin\java.dll
0x000007fef1de0000 - 0x000007fef1df6000 	C:\Program Files\Android\Android Studio\jre\jre\bin\zip.dll
0x000007fefd8a0000 - 0x000007fefe62b000 	C:\Windows\system32\SHELL32.dll
0x000007feff200000 - 0x000007feff3ff000 	C:\Windows\system32\ole32.dll
0x000007fefd340000 - 0x000007fefd34f000 	C:\Windows\system32\profapi.dll
0x000007fef16e0000 - 0x000007fef16fa000 	C:\Program Files\Android\Android Studio\jre\jre\bin\net.dll
0x000007fefcac0000 - 0x000007fefcb15000 	C:\Windows\system32\mswsock.dll
0x000007fefcab0000 - 0x000007fefcab7000 	C:\Windows\System32\wship6.dll
0x000007fef1550000 - 0x000007fef1561000 	C:\Program Files\Android\Android Studio\jre\jre\bin\nio.dll
0x000007fefadd0000 - 0x000007fefadee000 	C:\Users\Sanjeev\.gradle\native\25\windows-amd64\native-platform.dll
0x000007fef1ce0000 - 0x000007fef1ced000 	C:\Program Files\Android\Android Studio\jre\jre\bin\management.dll
0x000007fefcb20000 - 0x000007fefcb38000 	C:\Windows\system32\CRYPTSP.dll
0x000007fefc820000 - 0x000007fefc867000 	C:\Windows\system32\rsaenh.dll
0x000007fefd610000 - 0x000007fefd62e000 	C:\Windows\system32\USERENV.dll
0x000007fefd1e0000 - 0x000007fefd1ef000 	C:\Windows\system32\CRYPTBASE.dll
0x000007fef94a0000 - 0x000007fef94c7000 	C:\Windows\system32\IPHLPAPI.DLL
0x000007fef9480000 - 0x000007fef948b000 	C:\Windows\system32\WINNSI.DLL
0x000007fef9190000 - 0x000007fef91a8000 	C:\Windows\system32\dhcpcsvc.DLL
0x000007fef9170000 - 0x000007fef9181000 	C:\Windows\system32\dhcpcsvc6.DLL
0x000007feefc00000 - 0x000007feefd97000 	C:\Program Files\Android\Android Studio\jre\jre\bin\awt.dll
0x000007fefee50000 - 0x000007fefef2b000 	C:\Windows\system32\OLEAUT32.dll
0x000007feef830000 - 0x000007feefbf4000 	C:\Windows\system32\d2d1.dll
0x000007fefb630000 - 0x000007fefb648000 	C:\Windows\system32\DWMAPI.DLL
0x000007fefd180000 - 0x000007fefd1d7000 	C:\Windows\system32\apphelp.dll
0x000007fef1570000 - 0x000007fef1695000 	C:\Windows\system32\dbghelp.dll

VM Arguments:
jvm_args: -Xmx1536m -Dfile.encoding=windows-1252 -Duser.country=IN -Duser.language=en -Duser.variant 
java_command: org.gradle.launcher.daemon.bootstrap.GradleDaemon 4.10.1
java_class_path (initial): C:\Users\Sanjeev\.gradle\wrapper\dists\gradle-4.10.1-all\455itskqi2qtf0v2sja68alqd\gradle-4.10.1\lib\gradle-launcher-4.10.1.jar
Launcher Type: SUN_STANDARD

Environment Variables:
JAVA_HOME=C:\Program Files\Java\jdk1.8.0_181
PATH=C:\Program Files (x86)\Common Files\Oracle\Java\javapath;C:\Windows\system32;C:\Windows;C:\Windows\System32\Wbem;C:\Windows\System32\WindowsPowerShell\v1.0\;C:\Program Files\Microsoft\Web Platform Installer\;C:\Program Files\nodejs\;C:\Program Files\Microsoft VS Code\bin;C:\Program Files\Git\cmd;D:\Flutter_SDK\flutter\bin;C:\Users\Sanjeev\AppData\Roaming\npm;E:\sdk\android\platform-tools;E:\sdk\android\tools;C:\Program Files\Java\jdk1.8.0_181\bin
USERNAME=Sanjeev
OS=Windows_NT
PROCESSOR_IDENTIFIER=Intel64 Family 6 Model 42 Stepping 7, GenuineIntel



---------------  S Y S T E M  ---------------

OS: Windows 7 , 64 bit Build 7601 (6.1.7601.24408)

CPU:total 4 (initial active 4) (2 cores per cpu, 2 threads per core) family 6 model 42 stepping 7, cmov, cx8, fxsr, mmx, sse, sse2, sse3, ssse3, sse4.1, sse4.2, popcnt, avx, clmul, ht, tsc, tscinvbit

Memory: 4k page, physical 8321400k(1234992k free), swap 16640900k(8926728k free)

vm_info: OpenJDK 64-Bit Server VM (25.152-b01) for windows-amd64 JRE (1.8.0_152-release-1248-b01), built by "builder" with MS VC++ 10.0 (VS2010)

time: Mon Apr 22 20:47:40 2019
elapsed time: 1031 seconds (0d 0h 17m 11s)

